{"C:\\Users\\kings\\OneDrive\\Desktop\\App\\vite-project\\src\\components\\AddMoney.jsx": {"path":"C:\\Users\\kings\\OneDrive\\Desktop\\App\\vite-project\\src\\components\\AddMoney.jsx","statementMap":{"0":{"start":{"line":4,"column":2},"end":{"line":8,"column":3}}},"fnMap":{"0":{"name":"AddMoney","decl":{"start":{"line":3,"column":24},"end":{"line":3,"column":32}},"loc":{"start":{"line":3,"column":35},"end":{"line":9,"column":1}},"line":3}},"branchMap":{},"s":{"0":1},"f":{"0":1},"b":{},"_coverageSchema":"1a1c01bbd47fc00a2c39e90264f33305004495a9","hash":"8cefce91ab634cd9ddb1a2a9e344cb5854a6e4ef"}
,"C:\\Users\\kings\\OneDrive\\Desktop\\App\\vite-project\\src\\components\\Airtime.jsx": {"path":"C:\\Users\\kings\\OneDrive\\Desktop\\App\\vite-project\\src\\components\\Airtime.jsx","statementMap":{"0":{"start":{"line":18,"column":34},"end":{"line":18,"column":49}},"1":{"start":{"line":19,"column":42},"end":{"line":19,"column":54}},"2":{"start":{"line":20,"column":32},"end":{"line":20,"column":42}},"3":{"start":{"line":21,"column":30},"end":{"line":21,"column":44}},"4":{"start":{"line":22,"column":26},"end":{"line":22,"column":36}},"5":{"start":{"line":23,"column":42},"end":{"line":23,"column":57}},"6":{"start":{"line":28,"column":24},"end":{"line":35,"column":7}},"7":{"start":{"line":31,"column":32},"end":{"line":31,"column":40}},"8":{"start":{"line":32,"column":8},"end":{"line":32,"column":50}},"9":{"start":{"line":32,"column":32},"end":{"line":32,"column":50}},"10":{"start":{"line":33,"column":8},"end":{"line":33,"column":58}},"11":{"start":{"line":33,"column":36},"end":{"line":33,"column":58}},"12":{"start":{"line":34,"column":8},"end":{"line":34,"column":48}},"13":{"start":{"line":34,"column":31},"end":{"line":34,"column":48}},"14":{"start":{"line":37,"column":26},"end":{"line":89,"column":7}},"15":{"start":{"line":39,"column":8},"end":{"line":39,"column":27}},"16":{"start":{"line":44,"column":8},"end":{"line":86,"column":15}},"17":{"start":{"line":56,"column":12},"end":{"line":58,"column":13}},"18":{"start":{"line":57,"column":14},"end":{"line":57,"column":61}},"19":{"start":{"line":59,"column":12},"end":{"line":59,"column":30}},"20":{"start":{"line":62,"column":12},"end":{"line":62,"column":26}},"21":{"start":{"line":63,"column":12},"end":{"line":63,"column":32}},"22":{"start":{"line":64,"column":12},"end":{"line":64,"column":60}},"23":{"start":{"line":67,"column":29},"end":{"line":67,"column":86}},"24":{"start":{"line":68,"column":31},"end":{"line":73,"column":14}},"25":{"start":{"line":74,"column":12},"end":{"line":74,"column":80}},"26":{"start":{"line":76,"column":12},"end":{"line":78,"column":23}},"27":{"start":{"line":77,"column":16},"end":{"line":77,"column":38}},"28":{"start":{"line":83,"column":14},"end":{"line":83,"column":33}},"29":{"start":{"line":84,"column":14},"end":{"line":84,"column":56}},"30":{"start":{"line":90,"column":2},"end":{"line":226,"column":3}},"31":{"start":{"line":146,"column":76},"end":{"line":146,"column":89}},"32":{"start":{"line":150,"column":76},"end":{"line":150,"column":90}},"33":{"start":{"line":154,"column":76},"end":{"line":154,"column":90}},"34":{"start":{"line":159,"column":76},"end":{"line":159,"column":90}},"35":{"start":{"line":163,"column":76},"end":{"line":163,"column":91}},"36":{"start":{"line":167,"column":76},"end":{"line":167,"column":91}},"37":{"start":{"line":173,"column":76},"end":{"line":173,"column":91}},"38":{"start":{"line":177,"column":76},"end":{"line":177,"column":91}},"39":{"start":{"line":181,"column":76},"end":{"line":181,"column":92}}},"fnMap":{"0":{"name":"Airtime","decl":{"start":{"line":16,"column":24},"end":{"line":16,"column":31}},"loc":{"start":{"line":16,"column":34},"end":{"line":227,"column":1}},"line":16},"1":{"name":"(anonymous_1)","decl":{"start":{"line":28,"column":24},"end":{"line":28,"column":25}},"loc":{"start":{"line":28,"column":31},"end":{"line":35,"column":7}},"line":28},"2":{"name":"(anonymous_2)","decl":{"start":{"line":37,"column":26},"end":{"line":37,"column":27}},"loc":{"start":{"line":37,"column":31},"end":{"line":89,"column":7}},"line":37},"3":{"name":"(anonymous_3)","decl":{"start":{"line":55,"column":16},"end":{"line":55,"column":17}},"loc":{"start":{"line":55,"column":25},"end":{"line":60,"column":11}},"line":55},"4":{"name":"(anonymous_4)","decl":{"start":{"line":61,"column":16},"end":{"line":61,"column":17}},"loc":{"start":{"line":61,"column":26},"end":{"line":81,"column":11}},"line":61},"5":{"name":"(anonymous_5)","decl":{"start":{"line":76,"column":23},"end":{"line":76,"column":24}},"loc":{"start":{"line":76,"column":29},"end":{"line":78,"column":15}},"line":76},"6":{"name":"(anonymous_6)","decl":{"start":{"line":82,"column":19},"end":{"line":82,"column":20}},"loc":{"start":{"line":82,"column":28},"end":{"line":86,"column":13}},"line":82},"7":{"name":"(anonymous_7)","decl":{"start":{"line":146,"column":70},"end":{"line":146,"column":71}},"loc":{"start":{"line":146,"column":76},"end":{"line":146,"column":89}},"line":146},"8":{"name":"(anonymous_8)","decl":{"start":{"line":150,"column":70},"end":{"line":150,"column":71}},"loc":{"start":{"line":150,"column":76},"end":{"line":150,"column":90}},"line":150},"9":{"name":"(anonymous_9)","decl":{"start":{"line":154,"column":70},"end":{"line":154,"column":71}},"loc":{"start":{"line":154,"column":76},"end":{"line":154,"column":90}},"line":154},"10":{"name":"(anonymous_10)","decl":{"start":{"line":159,"column":70},"end":{"line":159,"column":71}},"loc":{"start":{"line":159,"column":76},"end":{"line":159,"column":90}},"line":159},"11":{"name":"(anonymous_11)","decl":{"start":{"line":163,"column":70},"end":{"line":163,"column":71}},"loc":{"start":{"line":163,"column":76},"end":{"line":163,"column":91}},"line":163},"12":{"name":"(anonymous_12)","decl":{"start":{"line":167,"column":70},"end":{"line":167,"column":71}},"loc":{"start":{"line":167,"column":76},"end":{"line":167,"column":91}},"line":167},"13":{"name":"(anonymous_13)","decl":{"start":{"line":173,"column":70},"end":{"line":173,"column":71}},"loc":{"start":{"line":173,"column":76},"end":{"line":173,"column":91}},"line":173},"14":{"name":"(anonymous_14)","decl":{"start":{"line":177,"column":70},"end":{"line":177,"column":71}},"loc":{"start":{"line":177,"column":76},"end":{"line":177,"column":91}},"line":177},"15":{"name":"(anonymous_15)","decl":{"start":{"line":181,"column":70},"end":{"line":181,"column":71}},"loc":{"start":{"line":181,"column":76},"end":{"line":181,"column":92}},"line":181}},"branchMap":{"0":{"loc":{"start":{"line":32,"column":8},"end":{"line":32,"column":50}},"type":"if","locations":[{"start":{"line":32,"column":8},"end":{"line":32,"column":50}},{"start":{},"end":{}}],"line":32},"1":{"loc":{"start":{"line":33,"column":8},"end":{"line":33,"column":58}},"type":"if","locations":[{"start":{"line":33,"column":8},"end":{"line":33,"column":58}},{"start":{},"end":{}}],"line":33},"2":{"loc":{"start":{"line":34,"column":8},"end":{"line":34,"column":48}},"type":"if","locations":[{"start":{"line":34,"column":8},"end":{"line":34,"column":48}},{"start":{},"end":{}}],"line":34},"3":{"loc":{"start":{"line":56,"column":12},"end":{"line":58,"column":13}},"type":"if","locations":[{"start":{"line":56,"column":12},"end":{"line":58,"column":13}},{"start":{},"end":{}}],"line":56},"4":{"loc":{"start":{"line":67,"column":29},"end":{"line":67,"column":86}},"type":"binary-expr","locations":[{"start":{"line":67,"column":29},"end":{"line":67,"column":80}},{"start":{"line":67,"column":84},"end":{"line":67,"column":86}}],"line":67},"5":{"loc":{"start":{"line":84,"column":23},"end":{"line":84,"column":54}},"type":"binary-expr","locations":[{"start":{"line":84,"column":23},"end":{"line":84,"column":34}},{"start":{"line":84,"column":38},"end":{"line":84,"column":54}}],"line":84},"6":{"loc":{"start":{"line":207,"column":22},"end":{"line":220,"column":41}},"type":"binary-expr","locations":[{"start":{"line":207,"column":22},"end":{"line":207,"column":33}},{"start":{"line":207,"column":37},"end":{"line":207,"column":41}},{"start":{"line":208,"column":40},"end":{"line":217,"column":46}}],"line":207},"7":{"loc":{"start":{"line":213,"column":108},"end":{"line":213,"column":133}},"type":"binary-expr","locations":[{"start":{"line":213,"column":108},"end":{"line":213,"column":118}},{"start":{"line":213,"column":122},"end":{"line":213,"column":133}}],"line":213},"8":{"loc":{"start":{"line":214,"column":103},"end":{"line":214,"column":127}},"type":"binary-expr","locations":[{"start":{"line":214,"column":103},"end":{"line":214,"column":116}},{"start":{"line":214,"column":120},"end":{"line":214,"column":127}}],"line":214},"9":{"loc":{"start":{"line":215,"column":103},"end":{"line":215,"column":124}},"type":"binary-expr","locations":[{"start":{"line":215,"column":103},"end":{"line":215,"column":114}},{"start":{"line":215,"column":118},"end":{"line":215,"column":124}}],"line":215}},"s":{"0":1,"1":1,"2":1,"3":1,"4":1,"5":1,"6":1,"7":0,"8":0,"9":0,"10":0,"11":0,"12":0,"13":0,"14":1,"15":0,"16":0,"17":0,"18":0,"19":0,"20":0,"21":0,"22":0,"23":0,"24":0,"25":0,"26":0,"27":0,"28":0,"29":0,"30":1,"31":0,"32":0,"33":0,"34":0,"35":0,"36":0,"37":0,"38":0,"39":0},"f":{"0":1,"1":0,"2":0,"3":0,"4":0,"5":0,"6":0,"7":0,"8":0,"9":0,"10":0,"11":0,"12":0,"13":0,"14":0,"15":0},"b":{"0":[0,0],"1":[0,0],"2":[0,0],"3":[0,0],"4":[0,0],"5":[0,0],"6":[1,0,0],"7":[0,0],"8":[0,0],"9":[0,0]},"_coverageSchema":"1a1c01bbd47fc00a2c39e90264f33305004495a9","hash":"0ec87851af931683282b34b1ced98ea37469d53f"}
}
