TN:
SF:src\components\AddMoney.jsx
FN:3,AddMoney
FNF:1
FNH:1
FNDA:1,AddMoney
DA:4,1
LF:1
LH:1
BRF:0
BRH:0
end_of_record
TN:
SF:src\components\Airtime.jsx
FN:16,Airtime
FN:28,(anonymous_1)
FN:37,(anonymous_2)
FN:55,(anonymous_3)
FN:61,(anonymous_4)
FN:76,(anonymous_5)
FN:82,(anonymous_6)
FN:146,(anonymous_7)
FN:150,(anonymous_8)
FN:154,(anonymous_9)
FN:159,(anonymous_10)
FN:163,(anonymous_11)
FN:167,(anonymous_12)
FN:173,(anonymous_13)
FN:177,(anonymous_14)
FN:181,(anonymous_15)
FNF:16
FNH:1
FNDA:1,Airtime
FNDA:0,(anonymous_1)
FNDA:0,(anonymous_2)
FNDA:0,(anonymous_3)
FNDA:0,(anonymous_4)
FNDA:0,(anonymous_5)
FNDA:0,(anonymous_6)
FNDA:0,(anonymous_7)
FNDA:0,(anonymous_8)
FNDA:0,(anonymous_9)
FNDA:0,(anonymous_10)
FNDA:0,(anonymous_11)
FNDA:0,(anonymous_12)
FNDA:0,(anonymous_13)
FNDA:0,(anonymous_14)
FNDA:0,(anonymous_15)
DA:18,1
DA:19,1
DA:20,1
DA:21,1
DA:22,1
DA:23,1
DA:28,1
DA:31,0
DA:32,0
DA:33,0
DA:34,0
DA:37,1
DA:39,0
DA:44,0
DA:56,0
DA:57,0
DA:59,0
DA:62,0
DA:63,0
DA:64,0
DA:67,0
DA:68,0
DA:74,0
DA:76,0
DA:77,0
DA:83,0
DA:84,0
DA:90,1
DA:146,0
DA:150,0
DA:154,0
DA:159,0
DA:163,0
DA:167,0
DA:173,0
DA:177,0
DA:181,0
LF:37
LH:9
BRDA:32,0,0,0
BRDA:32,0,1,0
BRDA:33,1,0,0
BRDA:33,1,1,0
BRDA:34,2,0,0
BRDA:34,2,1,0
BRDA:56,3,0,0
BRDA:56,3,1,0
BRDA:67,4,0,0
BRDA:67,4,1,0
BRDA:84,5,0,0
BRDA:84,5,1,0
BRDA:207,6,0,1
BRDA:207,6,1,0
BRDA:207,6,2,0
BRDA:213,7,0,0
BRDA:213,7,1,0
BRDA:214,8,0,0
BRDA:214,8,1,0
BRDA:215,9,0,0
BRDA:215,9,1,0
BRF:21
BRH:1
end_of_record
